2016-01-19 15:41:54,133 [1] INFO  License [(null)] - 授权信息正在初始化开始。
2016-01-19 15:41:54,390 [1] INFO  License [(null)] - 授权信息正在初始化结束。
2016-01-19 15:41:54,391 [1] INFO  License [(null)] - 清除当前授权信息。
2016-01-19 15:41:54,557 [9] INFO  License [(null)] - 更新服务器授权信息：HospitalID=1;HospitalName=苏州麦迪斯顿医疗科技;LicenseDate=1453189302;LicenseEndDate=16725225600;VerifyDate=1453189302;KeySN=1;HashCode=1453189467;ProductID=1;LimitedOne=15;LimitedTwo=20;
2016-01-19 15:41:54,563 [9] INFO  License [(null)] - 更新服务器授权信息：授权号:1
授权医院名称:苏州麦迪斯顿医疗科技
限制数1:15
限制数2:20
授权日期:2016-01-19 07:41:42
授权结束日期:2500-01-01 00:00:00

2016-01-19 15:41:56,898 [1] INFO  License [(null)] - 清除当前授权信息。
2016-01-19 15:41:56,901 [1] INFO  License [(null)] - 连接授权服务验证授权信息开始。
2016-01-19 15:41:57,046 [1] INFO  License [(null)] - 更新服务器授权信息：HospitalID=1;HospitalName=苏州麦迪斯顿医疗科技;LicenseDate=1453189305;LicenseEndDate=16725225600;VerifyDate=1453189305;KeySN=1;HashCode=1453189474;ProductID=3;LimitedOne=15;LimitedTwo=20;
2016-01-19 15:41:57,046 [1] INFO  License [(null)] - 更新服务器授权信息：授权号:1
授权医院名称:苏州麦迪斯顿医疗科技
限制数1:15
限制数2:20
授权日期:2016-01-19 07:41:45
授权结束日期:2500-01-01 00:00:00

2016-01-19 15:41:57,046 [1] INFO  License [(null)] - 连接授权服务验证授权信息结束。
2016-01-19 15:50:13,799 [1] INFO  License [(null)] - 授权信息正在初始化开始。
2016-01-19 15:50:14,048 [1] INFO  License [(null)] - 授权信息正在初始化结束。
2016-01-19 15:50:14,048 [1] INFO  License [(null)] - 清除当前授权信息。
2016-01-19 15:50:14,212 [9] INFO  License [(null)] - 更新服务器授权信息：HospitalID=1;HospitalName=苏州麦迪斯顿医疗科技;LicenseDate=1453189802;LicenseEndDate=16725225600;VerifyDate=1453189802;KeySN=1;HashCode=1453189967;ProductID=1;LimitedOne=15;LimitedTwo=20;
2016-01-19 15:50:14,215 [9] INFO  License [(null)] - 更新服务器授权信息：授权号:1
授权医院名称:苏州麦迪斯顿医疗科技
限制数1:15
限制数2:20
授权日期:2016-01-19 07:50:02
授权结束日期:2500-01-01 00:00:00

2016-01-19 15:50:16,960 [1] INFO  License [(null)] - 清除当前授权信息。
2016-01-19 15:50:16,962 [1] INFO  License [(null)] - 连接授权服务验证授权信息开始。
2016-01-19 15:50:17,108 [1] INFO  License [(null)] - 更新服务器授权信息：HospitalID=1;HospitalName=苏州麦迪斯顿医疗科技;LicenseDate=1453189805;LicenseEndDate=16725225600;VerifyDate=1453189805;KeySN=1;HashCode=1453189974;ProductID=3;LimitedOne=15;LimitedTwo=20;
2016-01-19 15:50:17,108 [1] INFO  License [(null)] - 更新服务器授权信息：授权号:1
授权医院名称:苏州麦迪斯顿医疗科技
限制数1:15
限制数2:20
授权日期:2016-01-19 07:50:05
授权结束日期:2500-01-01 00:00:00

2016-01-19 15:50:17,108 [1] INFO  License [(null)] - 连接授权服务验证授权信息结束。
